<?xml version="1.0" encoding="UTF-8"?>
<testsuite xmlns:xsi="http://www.w3.org/2001/XMLSchema-instance" xsi:noNamespaceSchemaLocation="https://maven.apache.org/surefire/maven-surefire-plugin/xsd/surefire-test-report-3.0.xsd" version="3.0" name="iut.sae.saecentressante.models.GrapheTest" time="0.195" tests="23" errors="0" skipped="0" failures="0">
  <properties>
    <property name="java.specification.version" value="19"/>
    <property name="sun.cpu.isalist" value="amd64"/>
    <property name="sun.jnu.encoding" value="Cp1252"/>
    <property name="java.class.path" value="C:\Users\Proutinator\Documents\sae-125-bmehdi_gjason_bkerredine_g2s2a\SAEG2KerredineMehdiJason\target\test-classes;C:\Users\Proutinator\Documents\sae-125-bmehdi_gjason_bkerredine_g2s2a\SAEG2KerredineMehdiJason\target\classes;C:\Users\Proutinator\.m2\repository\org\junit\jupiter\junit-jupiter-api\5.6.0\junit-jupiter-api-5.6.0.jar;C:\Users\Proutinator\.m2\repository\org\apiguardian\apiguardian-api\1.1.0\apiguardian-api-1.1.0.jar;C:\Users\Proutinator\.m2\repository\org\opentest4j\opentest4j\1.2.0\opentest4j-1.2.0.jar;C:\Users\Proutinator\.m2\repository\org\junit\platform\junit-platform-commons\1.6.0\junit-platform-commons-1.6.0.jar;C:\Users\Proutinator\.m2\repository\org\junit\jupiter\junit-jupiter-params\5.6.0\junit-jupiter-params-5.6.0.jar;C:\Users\Proutinator\.m2\repository\org\junit\jupiter\junit-jupiter-engine\5.6.0\junit-jupiter-engine-5.6.0.jar;C:\Users\Proutinator\.m2\repository\org\junit\platform\junit-platform-engine\1.6.0\junit-platform-engine-1.6.0.jar;C:\Users\Proutinator\.m2\repository\org\netbeans\external\AbsoluteLayout\RELEASE180\AbsoluteLayout-RELEASE180.jar;"/>
    <property name="java.vm.vendor" value="Oracle Corporation"/>
    <property name="sun.arch.data.model" value="64"/>
    <property name="user.variant" value=""/>
    <property name="java.vendor.url" value="https://java.oracle.com/"/>
    <property name="user.timezone" value="Europe/Paris"/>
    <property name="os.name" value="Windows 10"/>
    <property name="java.vm.specification.version" value="19"/>
    <property name="user.country" value="FR"/>
    <property name="sun.java.launcher" value="SUN_STANDARD"/>
    <property name="sun.boot.library.path" value="C:\Program Files\Java\jdk-19\bin"/>
    <property name="sun.java.command" value="C:\Users\Proutinator\AppData\Local\Temp\surefire13258449752139621378\surefirebooter-20230621164925211_3.jar C:\Users\Proutinator\AppData\Local\Temp\surefire13258449752139621378 2023-06-21T16-49-24_579-jvmRun1 surefire-20230621164925211_1tmp surefire_0-20230621164925211_2tmp"/>
    <property name="jdk.debug" value="release"/>
    <property name="surefire.test.class.path" value="C:\Users\Proutinator\Documents\sae-125-bmehdi_gjason_bkerredine_g2s2a\SAEG2KerredineMehdiJason\target\test-classes;C:\Users\Proutinator\Documents\sae-125-bmehdi_gjason_bkerredine_g2s2a\SAEG2KerredineMehdiJason\target\classes;C:\Users\Proutinator\.m2\repository\org\junit\jupiter\junit-jupiter-api\5.6.0\junit-jupiter-api-5.6.0.jar;C:\Users\Proutinator\.m2\repository\org\apiguardian\apiguardian-api\1.1.0\apiguardian-api-1.1.0.jar;C:\Users\Proutinator\.m2\repository\org\opentest4j\opentest4j\1.2.0\opentest4j-1.2.0.jar;C:\Users\Proutinator\.m2\repository\org\junit\platform\junit-platform-commons\1.6.0\junit-platform-commons-1.6.0.jar;C:\Users\Proutinator\.m2\repository\org\junit\jupiter\junit-jupiter-params\5.6.0\junit-jupiter-params-5.6.0.jar;C:\Users\Proutinator\.m2\repository\org\junit\jupiter\junit-jupiter-engine\5.6.0\junit-jupiter-engine-5.6.0.jar;C:\Users\Proutinator\.m2\repository\org\junit\platform\junit-platform-engine\1.6.0\junit-platform-engine-1.6.0.jar;C:\Users\Proutinator\.m2\repository\org\netbeans\external\AbsoluteLayout\RELEASE180\AbsoluteLayout-RELEASE180.jar;"/>
    <property name="sun.cpu.endian" value="little"/>
    <property name="user.home" value="C:\Users\Proutinator"/>
    <property name="user.language" value="fr"/>
    <property name="java.specification.vendor" value="Oracle Corporation"/>
    <property name="java.version.date" value="2023-01-17"/>
    <property name="java.home" value="C:\Program Files\Java\jdk-19"/>
    <property name="file.separator" value="\"/>
    <property name="basedir" value="C:\Users\Proutinator\Documents\sae-125-bmehdi_gjason_bkerredine_g2s2a\SAEG2KerredineMehdiJason"/>
    <property name="java.vm.compressedOopsMode" value="32-bit"/>
    <property name="line.separator" value="&#10;"/>
    <property name="java.vm.specification.vendor" value="Oracle Corporation"/>
    <property name="java.specification.name" value="Java Platform API Specification"/>
    <property name="surefire.real.class.path" value="C:\Users\Proutinator\AppData\Local\Temp\surefire13258449752139621378\surefirebooter-20230621164925211_3.jar"/>
    <property name="user.script" value=""/>
    <property name="sun.management.compiler" value="HotSpot 64-Bit Tiered Compilers"/>
    <property name="java.runtime.version" value="19.0.2+7-44"/>
    <property name="user.name" value="Metro-Lun"/>
    <property name="stdout.encoding" value="Cp1252"/>
    <property name="path.separator" value=";"/>
    <property name="os.version" value="10.0"/>
    <property name="java.runtime.name" value="Java(TM) SE Runtime Environment"/>
    <property name="file.encoding" value="UTF-8"/>
    <property name="java.vm.name" value="Java HotSpot(TM) 64-Bit Server VM"/>
    <property name="maven.ext.class.path" value="C:\Program Files\NetBeans-18\netbeans\java\maven-nblib\netbeans-eventspy.jar"/>
    <property name="localRepository" value="C:\Users\Proutinator\.m2\repository"/>
    <property name="java.vendor.url.bug" value="https://bugreport.java.com/bugreport/"/>
    <property name="java.io.tmpdir" value="C:\Users\PROUTI~1\AppData\Local\Temp\"/>
    <property name="java.version" value="19.0.2"/>
    <property name="user.dir" value="C:\Users\Proutinator\Documents\sae-125-bmehdi_gjason_bkerredine_g2s2a\SAEG2KerredineMehdiJason"/>
    <property name="os.arch" value="amd64"/>
    <property name="java.vm.specification.name" value="Java Virtual Machine Specification"/>
    <property name="sun.os.patch.level" value=""/>
    <property name="native.encoding" value="Cp1252"/>
    <property name="java.library.path" value="C:\Program Files\Java\jdk-19\bin;C:\WINDOWS\Sun\Java\bin;C:\WINDOWS\system32;C:\WINDOWS;C:\Program Files\Common Files\Oracle\Java\javapath;C:\WINDOWS\system32;C:\WINDOWS;C:\WINDOWS\System32\Wbem;C:\WINDOWS\System32\WindowsPowerShell\v1.0\;C:\WINDOWS\System32\OpenSSH\;C;C:\Program Files\Graphviz\bin;C:\Program Files\Git\cmd;C:\Program Files (x86)\gnupg\bin;C:\Users\Proutinator;C:\Users\Proutinator\AppData\Local\Microsoft\WindowsApps;C:\Users\Proutinator\AppData\Local\Programs\Microsoft VS Code\bin;C:\Users\Proutinator\AppData\Local\Programs\Python;C:\Users\Proutinator\AppData\Local\Packages\PythonSoftwareFoundation.Python.3.10_qbz5n2kfra8p0;C:\MinGW\bin;C:\Users\Proutinator\AppData\Local\Programs\Microsoft VS Code\bin;C:\Program Files\apache-maven-3.8.7;C:\Program Files\JetBrains\IntelliJ IDEA 2023.1\bin;C:\texlive\2023\bin\windows;C:\texlive;C:\Users\Proutinator\AppData\Local\gitkraken\bin;."/>
    <property name="java.vm.info" value="mixed mode, sharing"/>
    <property name="stderr.encoding" value="Cp1252"/>
    <property name="java.vendor" value="Oracle Corporation"/>
    <property name="java.vm.version" value="19.0.2+7-44"/>
    <property name="sun.io.unicode.encoding" value="UnicodeLittle"/>
    <property name="java.class.version" value="63.0"/>
  </properties>
  <testcase name="testGetNbSommets" classname="iut.sae.saecentressante.models.GrapheTest" time="0.062"/>
  <testcase name="testGetNbAretes" classname="iut.sae.saecentressante.models.GrapheTest" time="0.004"/>
  <testcase name="testGetSommetPosition" classname="iut.sae.saecentressante.models.GrapheTest" time="0.015"/>
  <testcase name="testAjAdj" classname="iut.sae.saecentressante.models.GrapheTest" time="0.002"/>
  <testcase name="testAreteToString" classname="iut.sae.saecentressante.models.GrapheTest" time="0.032"/>
  <testcase name="testSommetGetNom" classname="iut.sae.saecentressante.models.GrapheTest" time="0.002"/>
  <testcase name="testAreteSetDist" classname="iut.sae.saecentressante.models.GrapheTest" time="0.002"/>
  <testcase name="testAreteSetFiab" classname="iut.sae.saecentressante.models.GrapheTest" time="0.001"/>
  <testcase name="testSommetSetNom" classname="iut.sae.saecentressante.models.GrapheTest" time="0.001"/>
  <testcase name="testSontVoisins" classname="iut.sae.saecentressante.models.GrapheTest" time="0.001"/>
  <testcase name="testAreteGetDur" classname="iut.sae.saecentressante.models.GrapheTest" time="0.002"/>
  <testcase name="testAjSommet" classname="iut.sae.saecentressante.models.GrapheTest" time="0.002"/>
  <testcase name="testAreteSetDur" classname="iut.sae.saecentressante.models.GrapheTest" time="0.002"/>
  <testcase name="testSontVoisinsDeux" classname="iut.sae.saecentressante.models.GrapheTest" time="0.001"/>
  <testcase name="testAreteGetExtremite1" classname="iut.sae.saecentressante.models.GrapheTest" time="0.001"/>
  <testcase name="testAreteGetExtremite2" classname="iut.sae.saecentressante.models.GrapheTest" time="0.001"/>
  <testcase name="testGetSommetNom" classname="iut.sae.saecentressante.models.GrapheTest" time="0.002"/>
  <testcase name="testSommetSetTypeG" classname="iut.sae.saecentressante.models.GrapheTest" time="0"/>
  <testcase name="testSommetGetTypeG" classname="iut.sae.saecentressante.models.GrapheTest" time="0.002"/>
  <testcase name="testGetPos" classname="iut.sae.saecentressante.models.GrapheTest" time="0.001"/>
  <testcase name="testAreteGetDist" classname="iut.sae.saecentressante.models.GrapheTest" time="0.001"/>
  <testcase name="testAreteGetFiab" classname="iut.sae.saecentressante.models.GrapheTest" time="0"/>
  <testcase name="testSommetToString" classname="iut.sae.saecentressante.models.GrapheTest" time="0.002"/>
</testsuite>